<?xml version="1.0" encoding="UTF-8"?>
<testsuite xmlns:xsi="http://www.w3.org/2001/XMLSchema-instance" xsi:noNamespaceSchemaLocation="https://maven.apache.org/surefire/maven-surefire-plugin/xsd/surefire-test-report.xsd" name="com.example.socialmeli2.unit.service.UserServiceImplTest" time="0.028" tests="10" errors="0" skipped="0" failures="0">
  <properties>
    <property name="gopherProxySet" value="false"/>
    <property name="awt.toolkit" value="sun.lwawt.macosx.LWCToolkit"/>
    <property name="java.specification.version" value="11"/>
    <property name="sun.cpu.isalist" value=""/>
    <property name="sun.jnu.encoding" value="UTF-8"/>
    <property name="java.class.path" value="/Users/SANDRIYCHENK/practicas-w18/6. sprint II/be_java_hisp_w18_g07/target/test-classes:/Users/SANDRIYCHENK/practicas-w18/6. sprint II/be_java_hisp_w18_g07/target/classes:/Users/SANDRIYCHENK/.m2/repository/org/springframework/boot/spring-boot-starter-web/2.7.6/spring-boot-starter-web-2.7.6.jar:/Users/SANDRIYCHENK/.m2/repository/org/springframework/boot/spring-boot-starter/2.7.6/spring-boot-starter-2.7.6.jar:/Users/SANDRIYCHENK/.m2/repository/org/springframework/boot/spring-boot-starter-logging/2.7.6/spring-boot-starter-logging-2.7.6.jar:/Users/SANDRIYCHENK/.m2/repository/ch/qos/logback/logback-classic/1.2.11/logback-classic-1.2.11.jar:/Users/SANDRIYCHENK/.m2/repository/ch/qos/logback/logback-core/1.2.11/logback-core-1.2.11.jar:/Users/SANDRIYCHENK/.m2/repository/org/apache/logging/log4j/log4j-to-slf4j/2.17.2/log4j-to-slf4j-2.17.2.jar:/Users/SANDRIYCHENK/.m2/repository/org/apache/logging/log4j/log4j-api/2.17.2/log4j-api-2.17.2.jar:/Users/SANDRIYCHENK/.m2/repository/org/slf4j/jul-to-slf4j/1.7.36/jul-to-slf4j-1.7.36.jar:/Users/SANDRIYCHENK/.m2/repository/jakarta/annotation/jakarta.annotation-api/1.3.5/jakarta.annotation-api-1.3.5.jar:/Users/SANDRIYCHENK/.m2/repository/org/yaml/snakeyaml/1.30/snakeyaml-1.30.jar:/Users/SANDRIYCHENK/.m2/repository/org/springframework/boot/spring-boot-starter-json/2.7.6/spring-boot-starter-json-2.7.6.jar:/Users/SANDRIYCHENK/.m2/repository/com/fasterxml/jackson/core/jackson-databind/2.13.4.2/jackson-databind-2.13.4.2.jar:/Users/SANDRIYCHENK/.m2/repository/com/fasterxml/jackson/core/jackson-annotations/2.13.4/jackson-annotations-2.13.4.jar:/Users/SANDRIYCHENK/.m2/repository/com/fasterxml/jackson/core/jackson-core/2.13.4/jackson-core-2.13.4.jar:/Users/SANDRIYCHENK/.m2/repository/com/fasterxml/jackson/datatype/jackson-datatype-jdk8/2.13.4/jackson-datatype-jdk8-2.13.4.jar:/Users/SANDRIYCHENK/.m2/repository/com/fasterxml/jackson/datatype/jackson-datatype-jsr310/2.13.4/jackson-datatype-jsr310-2.13.4.jar:/Users/SANDRIYCHENK/.m2/repository/com/fasterxml/jackson/module/jackson-module-parameter-names/2.13.4/jackson-module-parameter-names-2.13.4.jar:/Users/SANDRIYCHENK/.m2/repository/org/springframework/boot/spring-boot-starter-tomcat/2.7.6/spring-boot-starter-tomcat-2.7.6.jar:/Users/SANDRIYCHENK/.m2/repository/org/apache/tomcat/embed/tomcat-embed-core/9.0.69/tomcat-embed-core-9.0.69.jar:/Users/SANDRIYCHENK/.m2/repository/org/apache/tomcat/embed/tomcat-embed-websocket/9.0.69/tomcat-embed-websocket-9.0.69.jar:/Users/SANDRIYCHENK/.m2/repository/org/springframework/spring-web/5.3.24/spring-web-5.3.24.jar:/Users/SANDRIYCHENK/.m2/repository/org/springframework/spring-beans/5.3.24/spring-beans-5.3.24.jar:/Users/SANDRIYCHENK/.m2/repository/org/springframework/spring-webmvc/5.3.24/spring-webmvc-5.3.24.jar:/Users/SANDRIYCHENK/.m2/repository/org/springframework/spring-aop/5.3.24/spring-aop-5.3.24.jar:/Users/SANDRIYCHENK/.m2/repository/org/springframework/spring-context/5.3.24/spring-context-5.3.24.jar:/Users/SANDRIYCHENK/.m2/repository/org/springframework/spring-expression/5.3.24/spring-expression-5.3.24.jar:/Users/SANDRIYCHENK/.m2/repository/org/springframework/boot/spring-boot-devtools/2.7.6/spring-boot-devtools-2.7.6.jar:/Users/SANDRIYCHENK/.m2/repository/org/springframework/boot/spring-boot/2.7.6/spring-boot-2.7.6.jar:/Users/SANDRIYCHENK/.m2/repository/org/springframework/boot/spring-boot-autoconfigure/2.7.6/spring-boot-autoconfigure-2.7.6.jar:/Users/SANDRIYCHENK/.m2/repository/org/projectlombok/lombok/1.18.24/lombok-1.18.24.jar:/Users/SANDRIYCHENK/.m2/repository/org/springframework/boot/spring-boot-starter-test/2.7.6/spring-boot-starter-test-2.7.6.jar:/Users/SANDRIYCHENK/.m2/repository/org/springframework/boot/spring-boot-test/2.7.6/spring-boot-test-2.7.6.jar:/Users/SANDRIYCHENK/.m2/repository/org/springframework/boot/spring-boot-test-autoconfigure/2.7.6/spring-boot-test-autoconfigure-2.7.6.jar:/Users/SANDRIYCHENK/.m2/repository/com/jayway/jsonpath/json-path/2.7.0/json-path-2.7.0.jar:/Users/SANDRIYCHENK/.m2/repository/net/minidev/json-smart/2.4.8/json-smart-2.4.8.jar:/Users/SANDRIYCHENK/.m2/repository/net/minidev/accessors-smart/2.4.8/accessors-smart-2.4.8.jar:/Users/SANDRIYCHENK/.m2/repository/org/slf4j/slf4j-api/1.7.36/slf4j-api-1.7.36.jar:/Users/SANDRIYCHENK/.m2/repository/jakarta/xml/bind/jakarta.xml.bind-api/2.3.3/jakarta.xml.bind-api-2.3.3.jar:/Users/SANDRIYCHENK/.m2/repository/jakarta/activation/jakarta.activation-api/1.2.2/jakarta.activation-api-1.2.2.jar:/Users/SANDRIYCHENK/.m2/repository/org/assertj/assertj-core/3.22.0/assertj-core-3.22.0.jar:/Users/SANDRIYCHENK/.m2/repository/org/hamcrest/hamcrest/2.2/hamcrest-2.2.jar:/Users/SANDRIYCHENK/.m2/repository/org/junit/jupiter/junit-jupiter/5.8.2/junit-jupiter-5.8.2.jar:/Users/SANDRIYCHENK/.m2/repository/org/junit/jupiter/junit-jupiter-api/5.8.2/junit-jupiter-api-5.8.2.jar:/Users/SANDRIYCHENK/.m2/repository/org/opentest4j/opentest4j/1.2.0/opentest4j-1.2.0.jar:/Users/SANDRIYCHENK/.m2/repository/org/junit/platform/junit-platform-commons/1.8.2/junit-platform-commons-1.8.2.jar:/Users/SANDRIYCHENK/.m2/repository/org/apiguardian/apiguardian-api/1.1.2/apiguardian-api-1.1.2.jar:/Users/SANDRIYCHENK/.m2/repository/org/junit/jupiter/junit-jupiter-params/5.8.2/junit-jupiter-params-5.8.2.jar:/Users/SANDRIYCHENK/.m2/repository/org/junit/jupiter/junit-jupiter-engine/5.8.2/junit-jupiter-engine-5.8.2.jar:/Users/SANDRIYCHENK/.m2/repository/org/junit/platform/junit-platform-engine/1.8.2/junit-platform-engine-1.8.2.jar:/Users/SANDRIYCHENK/.m2/repository/org/mockito/mockito-core/4.5.1/mockito-core-4.5.1.jar:/Users/SANDRIYCHENK/.m2/repository/net/bytebuddy/byte-buddy/1.12.19/byte-buddy-1.12.19.jar:/Users/SANDRIYCHENK/.m2/repository/net/bytebuddy/byte-buddy-agent/1.12.19/byte-buddy-agent-1.12.19.jar:/Users/SANDRIYCHENK/.m2/repository/org/objenesis/objenesis/3.2/objenesis-3.2.jar:/Users/SANDRIYCHENK/.m2/repository/org/mockito/mockito-junit-jupiter/4.5.1/mockito-junit-jupiter-4.5.1.jar:/Users/SANDRIYCHENK/.m2/repository/org/skyscreamer/jsonassert/1.5.1/jsonassert-1.5.1.jar:/Users/SANDRIYCHENK/.m2/repository/com/vaadin/external/google/android-json/0.0.20131108.vaadin1/android-json-0.0.20131108.vaadin1.jar:/Users/SANDRIYCHENK/.m2/repository/org/springframework/spring-core/5.3.24/spring-core-5.3.24.jar:/Users/SANDRIYCHENK/.m2/repository/org/springframework/spring-jcl/5.3.24/spring-jcl-5.3.24.jar:/Users/SANDRIYCHENK/.m2/repository/org/springframework/spring-test/5.3.24/spring-test-5.3.24.jar:/Users/SANDRIYCHENK/.m2/repository/org/xmlunit/xmlunit-core/2.9.0/xmlunit-core-2.9.0.jar:/Users/SANDRIYCHENK/.m2/repository/org/springframework/boot/spring-boot-starter-validation/2.7.6/spring-boot-starter-validation-2.7.6.jar:/Users/SANDRIYCHENK/.m2/repository/org/apache/tomcat/embed/tomcat-embed-el/9.0.69/tomcat-embed-el-9.0.69.jar:/Users/SANDRIYCHENK/.m2/repository/javax/validation/validation-api/2.0.1.Final/validation-api-2.0.1.Final.jar:/Users/SANDRIYCHENK/.m2/repository/org/hibernate/validator/hibernate-validator/6.0.13.Final/hibernate-validator-6.0.13.Final.jar:/Users/SANDRIYCHENK/.m2/repository/org/jboss/logging/jboss-logging/3.4.3.Final/jboss-logging-3.4.3.Final.jar:/Users/SANDRIYCHENK/.m2/repository/com/fasterxml/classmate/1.5.1/classmate-1.5.1.jar:/Users/SANDRIYCHENK/.m2/repository/org/glassfish/javax.el/3.0.0/javax.el-3.0.0.jar:/Users/SANDRIYCHENK/.m2/repository/org/jacoco/jacoco-maven-plugin/0.8.8/jacoco-maven-plugin-0.8.8.jar:/Users/SANDRIYCHENK/.m2/repository/org/codehaus/plexus/plexus-utils/3.0.22/plexus-utils-3.0.22.jar:/Users/SANDRIYCHENK/.m2/repository/org/apache/maven/shared/file-management/1.2.1/file-management-1.2.1.jar:/Users/SANDRIYCHENK/.m2/repository/org/apache/maven/maven-plugin-api/2.0.6/maven-plugin-api-2.0.6.jar:/Users/SANDRIYCHENK/.m2/repository/org/apache/maven/shared/maven-shared-io/1.1/maven-shared-io-1.1.jar:/Users/SANDRIYCHENK/.m2/repository/org/apache/maven/maven-artifact/2.0.2/maven-artifact-2.0.2.jar:/Users/SANDRIYCHENK/.m2/repository/org/apache/maven/maven-artifact-manager/2.0.2/maven-artifact-manager-2.0.2.jar:/Users/SANDRIYCHENK/.m2/repository/org/apache/maven/maven-repository-metadata/2.0.2/maven-repository-metadata-2.0.2.jar:/Users/SANDRIYCHENK/.m2/repository/org/apache/maven/wagon/wagon-provider-api/1.0-alpha-6/wagon-provider-api-1.0-alpha-6.jar:/Users/SANDRIYCHENK/.m2/repository/org/codehaus/plexus/plexus-container-default/1.0-alpha-9/plexus-container-default-1.0-alpha-9.jar:/Users/SANDRIYCHENK/.m2/repository/junit/junit/4.13.2/junit-4.13.2.jar:/Users/SANDRIYCHENK/.m2/repository/org/hamcrest/hamcrest-core/2.2/hamcrest-core-2.2.jar:/Users/SANDRIYCHENK/.m2/repository/classworlds/classworlds/1.1-alpha-2/classworlds-1.1-alpha-2.jar:/Users/SANDRIYCHENK/.m2/repository/org/apache/maven/reporting/maven-reporting-api/3.0/maven-reporting-api-3.0.jar:/Users/SANDRIYCHENK/.m2/repository/org/apache/maven/doxia/doxia-sink-api/1.0/doxia-sink-api-1.0.jar:/Users/SANDRIYCHENK/.m2/repository/org/jacoco/org.jacoco.agent/0.8.8/org.jacoco.agent-0.8.8-runtime.jar:/Users/SANDRIYCHENK/.m2/repository/org/jacoco/org.jacoco.core/0.8.8/org.jacoco.core-0.8.8.jar:/Users/SANDRIYCHENK/.m2/repository/org/ow2/asm/asm/9.2/asm-9.2.jar:/Users/SANDRIYCHENK/.m2/repository/org/ow2/asm/asm-commons/9.2/asm-commons-9.2.jar:/Users/SANDRIYCHENK/.m2/repository/org/ow2/asm/asm-analysis/9.2/asm-analysis-9.2.jar:/Users/SANDRIYCHENK/.m2/repository/org/ow2/asm/asm-tree/9.2/asm-tree-9.2.jar:/Users/SANDRIYCHENK/.m2/repository/org/jacoco/org.jacoco.report/0.8.8/org.jacoco.report-0.8.8.jar:"/>
    <property name="java.vm.vendor" value="AdoptOpenJDK"/>
    <property name="sun.arch.data.model" value="64"/>
    <property name="java.vendor.url" value="https://adoptopenjdk.net/"/>
    <property name="user.timezone" value=""/>
    <property name="java.vm.specification.version" value="11"/>
    <property name="os.name" value="Mac OS X"/>
    <property name="sun.java.launcher" value="SUN_STANDARD"/>
    <property name="user.country" value="AR"/>
    <property name="sun.boot.library.path" value="/Library/Java/JavaVirtualMachines/adoptopenjdk-11.jdk/Contents/Home/lib"/>
    <property name="sun.java.command" value="/Users/SANDRIYCHENK/practicas-w18/6. sprint II/be_java_hisp_w18_g07/target/surefire/surefirebooter12016243518484342726.jar /Users/SANDRIYCHENK/practicas-w18/6. sprint II/be_java_hisp_w18_g07/target/surefire 2022-11-29T18-56-10_348-jvmRun1 surefire2645833268817903528tmp surefire_02682060081589485856tmp"/>
    <property name="http.nonProxyHosts" value="local|*.local|169.254/16|*.169.254/16"/>
    <property name="jdk.debug" value="release"/>
    <property name="surefire.test.class.path" value="/Users/SANDRIYCHENK/practicas-w18/6. sprint II/be_java_hisp_w18_g07/target/test-classes:/Users/SANDRIYCHENK/practicas-w18/6. sprint II/be_java_hisp_w18_g07/target/classes:/Users/SANDRIYCHENK/.m2/repository/org/springframework/boot/spring-boot-starter-web/2.7.6/spring-boot-starter-web-2.7.6.jar:/Users/SANDRIYCHENK/.m2/repository/org/springframework/boot/spring-boot-starter/2.7.6/spring-boot-starter-2.7.6.jar:/Users/SANDRIYCHENK/.m2/repository/org/springframework/boot/spring-boot-starter-logging/2.7.6/spring-boot-starter-logging-2.7.6.jar:/Users/SANDRIYCHENK/.m2/repository/ch/qos/logback/logback-classic/1.2.11/logback-classic-1.2.11.jar:/Users/SANDRIYCHENK/.m2/repository/ch/qos/logback/logback-core/1.2.11/logback-core-1.2.11.jar:/Users/SANDRIYCHENK/.m2/repository/org/apache/logging/log4j/log4j-to-slf4j/2.17.2/log4j-to-slf4j-2.17.2.jar:/Users/SANDRIYCHENK/.m2/repository/org/apache/logging/log4j/log4j-api/2.17.2/log4j-api-2.17.2.jar:/Users/SANDRIYCHENK/.m2/repository/org/slf4j/jul-to-slf4j/1.7.36/jul-to-slf4j-1.7.36.jar:/Users/SANDRIYCHENK/.m2/repository/jakarta/annotation/jakarta.annotation-api/1.3.5/jakarta.annotation-api-1.3.5.jar:/Users/SANDRIYCHENK/.m2/repository/org/yaml/snakeyaml/1.30/snakeyaml-1.30.jar:/Users/SANDRIYCHENK/.m2/repository/org/springframework/boot/spring-boot-starter-json/2.7.6/spring-boot-starter-json-2.7.6.jar:/Users/SANDRIYCHENK/.m2/repository/com/fasterxml/jackson/core/jackson-databind/2.13.4.2/jackson-databind-2.13.4.2.jar:/Users/SANDRIYCHENK/.m2/repository/com/fasterxml/jackson/core/jackson-annotations/2.13.4/jackson-annotations-2.13.4.jar:/Users/SANDRIYCHENK/.m2/repository/com/fasterxml/jackson/core/jackson-core/2.13.4/jackson-core-2.13.4.jar:/Users/SANDRIYCHENK/.m2/repository/com/fasterxml/jackson/datatype/jackson-datatype-jdk8/2.13.4/jackson-datatype-jdk8-2.13.4.jar:/Users/SANDRIYCHENK/.m2/repository/com/fasterxml/jackson/datatype/jackson-datatype-jsr310/2.13.4/jackson-datatype-jsr310-2.13.4.jar:/Users/SANDRIYCHENK/.m2/repository/com/fasterxml/jackson/module/jackson-module-parameter-names/2.13.4/jackson-module-parameter-names-2.13.4.jar:/Users/SANDRIYCHENK/.m2/repository/org/springframework/boot/spring-boot-starter-tomcat/2.7.6/spring-boot-starter-tomcat-2.7.6.jar:/Users/SANDRIYCHENK/.m2/repository/org/apache/tomcat/embed/tomcat-embed-core/9.0.69/tomcat-embed-core-9.0.69.jar:/Users/SANDRIYCHENK/.m2/repository/org/apache/tomcat/embed/tomcat-embed-websocket/9.0.69/tomcat-embed-websocket-9.0.69.jar:/Users/SANDRIYCHENK/.m2/repository/org/springframework/spring-web/5.3.24/spring-web-5.3.24.jar:/Users/SANDRIYCHENK/.m2/repository/org/springframework/spring-beans/5.3.24/spring-beans-5.3.24.jar:/Users/SANDRIYCHENK/.m2/repository/org/springframework/spring-webmvc/5.3.24/spring-webmvc-5.3.24.jar:/Users/SANDRIYCHENK/.m2/repository/org/springframework/spring-aop/5.3.24/spring-aop-5.3.24.jar:/Users/SANDRIYCHENK/.m2/repository/org/springframework/spring-context/5.3.24/spring-context-5.3.24.jar:/Users/SANDRIYCHENK/.m2/repository/org/springframework/spring-expression/5.3.24/spring-expression-5.3.24.jar:/Users/SANDRIYCHENK/.m2/repository/org/springframework/boot/spring-boot-devtools/2.7.6/spring-boot-devtools-2.7.6.jar:/Users/SANDRIYCHENK/.m2/repository/org/springframework/boot/spring-boot/2.7.6/spring-boot-2.7.6.jar:/Users/SANDRIYCHENK/.m2/repository/org/springframework/boot/spring-boot-autoconfigure/2.7.6/spring-boot-autoconfigure-2.7.6.jar:/Users/SANDRIYCHENK/.m2/repository/org/projectlombok/lombok/1.18.24/lombok-1.18.24.jar:/Users/SANDRIYCHENK/.m2/repository/org/springframework/boot/spring-boot-starter-test/2.7.6/spring-boot-starter-test-2.7.6.jar:/Users/SANDRIYCHENK/.m2/repository/org/springframework/boot/spring-boot-test/2.7.6/spring-boot-test-2.7.6.jar:/Users/SANDRIYCHENK/.m2/repository/org/springframework/boot/spring-boot-test-autoconfigure/2.7.6/spring-boot-test-autoconfigure-2.7.6.jar:/Users/SANDRIYCHENK/.m2/repository/com/jayway/jsonpath/json-path/2.7.0/json-path-2.7.0.jar:/Users/SANDRIYCHENK/.m2/repository/net/minidev/json-smart/2.4.8/json-smart-2.4.8.jar:/Users/SANDRIYCHENK/.m2/repository/net/minidev/accessors-smart/2.4.8/accessors-smart-2.4.8.jar:/Users/SANDRIYCHENK/.m2/repository/org/slf4j/slf4j-api/1.7.36/slf4j-api-1.7.36.jar:/Users/SANDRIYCHENK/.m2/repository/jakarta/xml/bind/jakarta.xml.bind-api/2.3.3/jakarta.xml.bind-api-2.3.3.jar:/Users/SANDRIYCHENK/.m2/repository/jakarta/activation/jakarta.activation-api/1.2.2/jakarta.activation-api-1.2.2.jar:/Users/SANDRIYCHENK/.m2/repository/org/assertj/assertj-core/3.22.0/assertj-core-3.22.0.jar:/Users/SANDRIYCHENK/.m2/repository/org/hamcrest/hamcrest/2.2/hamcrest-2.2.jar:/Users/SANDRIYCHENK/.m2/repository/org/junit/jupiter/junit-jupiter/5.8.2/junit-jupiter-5.8.2.jar:/Users/SANDRIYCHENK/.m2/repository/org/junit/jupiter/junit-jupiter-api/5.8.2/junit-jupiter-api-5.8.2.jar:/Users/SANDRIYCHENK/.m2/repository/org/opentest4j/opentest4j/1.2.0/opentest4j-1.2.0.jar:/Users/SANDRIYCHENK/.m2/repository/org/junit/platform/junit-platform-commons/1.8.2/junit-platform-commons-1.8.2.jar:/Users/SANDRIYCHENK/.m2/repository/org/apiguardian/apiguardian-api/1.1.2/apiguardian-api-1.1.2.jar:/Users/SANDRIYCHENK/.m2/repository/org/junit/jupiter/junit-jupiter-params/5.8.2/junit-jupiter-params-5.8.2.jar:/Users/SANDRIYCHENK/.m2/repository/org/junit/jupiter/junit-jupiter-engine/5.8.2/junit-jupiter-engine-5.8.2.jar:/Users/SANDRIYCHENK/.m2/repository/org/junit/platform/junit-platform-engine/1.8.2/junit-platform-engine-1.8.2.jar:/Users/SANDRIYCHENK/.m2/repository/org/mockito/mockito-core/4.5.1/mockito-core-4.5.1.jar:/Users/SANDRIYCHENK/.m2/repository/net/bytebuddy/byte-buddy/1.12.19/byte-buddy-1.12.19.jar:/Users/SANDRIYCHENK/.m2/repository/net/bytebuddy/byte-buddy-agent/1.12.19/byte-buddy-agent-1.12.19.jar:/Users/SANDRIYCHENK/.m2/repository/org/objenesis/objenesis/3.2/objenesis-3.2.jar:/Users/SANDRIYCHENK/.m2/repository/org/mockito/mockito-junit-jupiter/4.5.1/mockito-junit-jupiter-4.5.1.jar:/Users/SANDRIYCHENK/.m2/repository/org/skyscreamer/jsonassert/1.5.1/jsonassert-1.5.1.jar:/Users/SANDRIYCHENK/.m2/repository/com/vaadin/external/google/android-json/0.0.20131108.vaadin1/android-json-0.0.20131108.vaadin1.jar:/Users/SANDRIYCHENK/.m2/repository/org/springframework/spring-core/5.3.24/spring-core-5.3.24.jar:/Users/SANDRIYCHENK/.m2/repository/org/springframework/spring-jcl/5.3.24/spring-jcl-5.3.24.jar:/Users/SANDRIYCHENK/.m2/repository/org/springframework/spring-test/5.3.24/spring-test-5.3.24.jar:/Users/SANDRIYCHENK/.m2/repository/org/xmlunit/xmlunit-core/2.9.0/xmlunit-core-2.9.0.jar:/Users/SANDRIYCHENK/.m2/repository/org/springframework/boot/spring-boot-starter-validation/2.7.6/spring-boot-starter-validation-2.7.6.jar:/Users/SANDRIYCHENK/.m2/repository/org/apache/tomcat/embed/tomcat-embed-el/9.0.69/tomcat-embed-el-9.0.69.jar:/Users/SANDRIYCHENK/.m2/repository/javax/validation/validation-api/2.0.1.Final/validation-api-2.0.1.Final.jar:/Users/SANDRIYCHENK/.m2/repository/org/hibernate/validator/hibernate-validator/6.0.13.Final/hibernate-validator-6.0.13.Final.jar:/Users/SANDRIYCHENK/.m2/repository/org/jboss/logging/jboss-logging/3.4.3.Final/jboss-logging-3.4.3.Final.jar:/Users/SANDRIYCHENK/.m2/repository/com/fasterxml/classmate/1.5.1/classmate-1.5.1.jar:/Users/SANDRIYCHENK/.m2/repository/org/glassfish/javax.el/3.0.0/javax.el-3.0.0.jar:/Users/SANDRIYCHENK/.m2/repository/org/jacoco/jacoco-maven-plugin/0.8.8/jacoco-maven-plugin-0.8.8.jar:/Users/SANDRIYCHENK/.m2/repository/org/codehaus/plexus/plexus-utils/3.0.22/plexus-utils-3.0.22.jar:/Users/SANDRIYCHENK/.m2/repository/org/apache/maven/shared/file-management/1.2.1/file-management-1.2.1.jar:/Users/SANDRIYCHENK/.m2/repository/org/apache/maven/maven-plugin-api/2.0.6/maven-plugin-api-2.0.6.jar:/Users/SANDRIYCHENK/.m2/repository/org/apache/maven/shared/maven-shared-io/1.1/maven-shared-io-1.1.jar:/Users/SANDRIYCHENK/.m2/repository/org/apache/maven/maven-artifact/2.0.2/maven-artifact-2.0.2.jar:/Users/SANDRIYCHENK/.m2/repository/org/apache/maven/maven-artifact-manager/2.0.2/maven-artifact-manager-2.0.2.jar:/Users/SANDRIYCHENK/.m2/repository/org/apache/maven/maven-repository-metadata/2.0.2/maven-repository-metadata-2.0.2.jar:/Users/SANDRIYCHENK/.m2/repository/org/apache/maven/wagon/wagon-provider-api/1.0-alpha-6/wagon-provider-api-1.0-alpha-6.jar:/Users/SANDRIYCHENK/.m2/repository/org/codehaus/plexus/plexus-container-default/1.0-alpha-9/plexus-container-default-1.0-alpha-9.jar:/Users/SANDRIYCHENK/.m2/repository/junit/junit/4.13.2/junit-4.13.2.jar:/Users/SANDRIYCHENK/.m2/repository/org/hamcrest/hamcrest-core/2.2/hamcrest-core-2.2.jar:/Users/SANDRIYCHENK/.m2/repository/classworlds/classworlds/1.1-alpha-2/classworlds-1.1-alpha-2.jar:/Users/SANDRIYCHENK/.m2/repository/org/apache/maven/reporting/maven-reporting-api/3.0/maven-reporting-api-3.0.jar:/Users/SANDRIYCHENK/.m2/repository/org/apache/maven/doxia/doxia-sink-api/1.0/doxia-sink-api-1.0.jar:/Users/SANDRIYCHENK/.m2/repository/org/jacoco/org.jacoco.agent/0.8.8/org.jacoco.agent-0.8.8-runtime.jar:/Users/SANDRIYCHENK/.m2/repository/org/jacoco/org.jacoco.core/0.8.8/org.jacoco.core-0.8.8.jar:/Users/SANDRIYCHENK/.m2/repository/org/ow2/asm/asm/9.2/asm-9.2.jar:/Users/SANDRIYCHENK/.m2/repository/org/ow2/asm/asm-commons/9.2/asm-commons-9.2.jar:/Users/SANDRIYCHENK/.m2/repository/org/ow2/asm/asm-analysis/9.2/asm-analysis-9.2.jar:/Users/SANDRIYCHENK/.m2/repository/org/ow2/asm/asm-tree/9.2/asm-tree-9.2.jar:/Users/SANDRIYCHENK/.m2/repository/org/jacoco/org.jacoco.report/0.8.8/org.jacoco.report-0.8.8.jar:"/>
    <property name="sun.cpu.endian" value="little"/>
    <property name="user.home" value="/Users/SANDRIYCHENK"/>
    <property name="user.language" value="en"/>
    <property name="java.specification.vendor" value="Oracle Corporation"/>
    <property name="java.version.date" value="2021-04-20"/>
    <property name="java.home" value="/Library/Java/JavaVirtualMachines/adoptopenjdk-11.jdk/Contents/Home"/>
    <property name="file.separator" value="/"/>
    <property name="basedir" value="/Users/SANDRIYCHENK/practicas-w18/6. sprint II/be_java_hisp_w18_g07"/>
    <property name="java.vm.compressedOopsMode" value="Zero based"/>
    <property name="line.separator" value="&#10;"/>
    <property name="java.specification.name" value="Java Platform API Specification"/>
    <property name="java.vm.specification.vendor" value="Oracle Corporation"/>
    <property name="java.awt.graphicsenv" value="sun.awt.CGraphicsEnvironment"/>
    <property name="surefire.real.class.path" value="/Users/SANDRIYCHENK/practicas-w18/6. sprint II/be_java_hisp_w18_g07/target/surefire/surefirebooter12016243518484342726.jar"/>
    <property name="sun.management.compiler" value="HotSpot 64-Bit Tiered Compilers"/>
    <property name="ftp.nonProxyHosts" value="local|*.local|169.254/16|*.169.254/16"/>
    <property name="java.runtime.version" value="11.0.11+9"/>
    <property name="user.name" value="sandriychenk"/>
    <property name="path.separator" value=":"/>
    <property name="os.version" value="11.5"/>
    <property name="java.runtime.name" value="OpenJDK Runtime Environment"/>
    <property name="file.encoding" value="UTF-8"/>
    <property name="java.vm.name" value="OpenJDK 64-Bit Server VM"/>
    <property name="java.vendor.version" value="AdoptOpenJDK-11.0.11+9"/>
    <property name="localRepository" value="/Users/SANDRIYCHENK/.m2/repository"/>
    <property name="java.vendor.url.bug" value="https://github.com/AdoptOpenJDK/openjdk-support/issues"/>
    <property name="java.io.tmpdir" value="/var/folders/qf/0yz1whgn1kdf22xzh4vl_70mxr3vw7/T/"/>
    <property name="idea.version" value="2022.2.3"/>
    <property name="java.version" value="11.0.11"/>
    <property name="user.dir" value="/Users/SANDRIYCHENK/practicas-w18/6. sprint II/be_java_hisp_w18_g07"/>
    <property name="os.arch" value="x86_64"/>
    <property name="java.vm.specification.name" value="Java Virtual Machine Specification"/>
    <property name="java.awt.printerjob" value="sun.lwawt.macosx.CPrinterJob"/>
    <property name="sun.os.patch.level" value="unknown"/>
    <property name="java.library.path" value="/Users/SANDRIYCHENK/Library/Java/Extensions:/Library/Java/Extensions:/Network/Library/Java/Extensions:/System/Library/Java/Extensions:/usr/lib/java:."/>
    <property name="java.vm.info" value="mixed mode"/>
    <property name="java.vendor" value="AdoptOpenJDK"/>
    <property name="java.vm.version" value="11.0.11+9"/>
    <property name="sun.io.unicode.encoding" value="UnicodeBig"/>
    <property name="java.class.version" value="55.0"/>
    <property name="socksNonProxyHosts" value="local|*.local|169.254/16|*.169.254/16"/>
  </properties>
  <testcase name="getUserFollowersCount" classname="com.example.socialmeli2.unit.service.UserServiceImplTest" time="0"/>
  <testcase name="unfollowUserSellerTrue" classname="com.example.socialmeli2.unit.service.UserServiceImplTest" time="0"/>
  <testcase name="followUserSeller" classname="com.example.socialmeli2.unit.service.UserServiceImplTest" time="0"/>
  <testcase name="unfollowUserSellerFalse" classname="com.example.socialmeli2.unit.service.UserServiceImplTest" time="0.001"/>
  <testcase name="unfollowUserSellerThrow" classname="com.example.socialmeli2.unit.service.UserServiceImplTest" time="0.006"/>
  <testcase name="getFollowersUsersByIdOrderDesc" classname="com.example.socialmeli2.unit.service.UserServiceImplTest$getFollowersUsersByIdOrder" time="0.008"/>
  <testcase name="getFollowersUsersByIdOrderAsc" classname="com.example.socialmeli2.unit.service.UserServiceImplTest$getFollowersUsersByIdOrder" time="0.002"/>
  <testcase name="isSeller" classname="com.example.socialmeli2.unit.service.UserServiceImplTest$FollowUserSellerThrows" time="0.002"/>
  <testcase name="userExist" classname="com.example.socialmeli2.unit.service.UserServiceImplTest$FollowUserSellerThrows" time="0.001"/>
  <testcase name="sellerExist" classname="com.example.socialmeli2.unit.service.UserServiceImplTest$FollowUserSellerThrows" time="0.001"/>
</testsuite>